android/app/build/intermediates/manifest_merge_blame_file/debug/manifest-merger-blame-debug-report.txt
1<?xml version="1.0" encoding="utf-8"?>
2<manifest xmlns:android="http://schemas.android.com/apk/res/android"
3    package="com.giftregistryapp"
4    android:versionCode="1"
5    android:versionName="1.0.1" >
6
7    <uses-sdk
8        android:minSdkVersion="21"
9        android:targetSdkVersion="33" />
10
11    <uses-permission android:name="android.permission.SYSTEM_ALERT_WINDOW" />
11-->src/debug/AndroidManifest.xml:5:5-77
11-->src/debug/AndroidManifest.xml:5:22-75
12    <uses-permission android:name="android.permission.INTERNET" />
12-->src/main/AndroidManifest.xml:3:5-67
12-->src/main/AndroidManifest.xml:3:22-64
13    <uses-permission android:name="android.permission.CAMERA" />
13-->src/main/AndroidManifest.xml:4:5-65
13-->src/main/AndroidManifest.xml:4:22-62
14    <uses-permission android:name="android.permission.READ_CONTACTS" />
14-->src/main/AndroidManifest.xml:5:5-72
14-->src/main/AndroidManifest.xml:5:22-69
15    <uses-permission android:name="android.permission.ACCESS_COARSE_LOCATION" />
15-->src/main/AndroidManifest.xml:6:5-81
15-->src/main/AndroidManifest.xml:6:22-78
16    <uses-permission android:name="android.permission.ACCESS_FINE_LOCATION" />
16-->src/main/AndroidManifest.xml:7:5-79
16-->src/main/AndroidManifest.xml:7:22-76
17    <uses-permission android:name="android.permission.VIBRATE" />
17-->src/main/AndroidManifest.xml:8:5-65
17-->src/main/AndroidManifest.xml:8:22-63
18    <uses-permission android:name="android.permission.RECEIVE_BOOT_COMPLETED" />
18-->src/main/AndroidManifest.xml:9:5-80
18-->src/main/AndroidManifest.xml:9:22-78
19    <uses-permission android:name="android.permission.RECORD_AUDIO" />
19-->src/main/AndroidManifest.xml:10:5-71
19-->src/main/AndroidManifest.xml:10:22-68
20    <uses-permission android:name="android.permission.WRITE_EXTERNAL_STORAGE" />
20-->src/main/AndroidManifest.xml:11:5-81
20-->src/main/AndroidManifest.xml:11:22-78
21    <uses-permission android:name="android.permission.READ_EXTERNAL_STORAGE" />
21-->src/main/AndroidManifest.xml:12:5-80
21-->src/main/AndroidManifest.xml:12:22-77
22    <uses-permission android:name="android.permission.ACCESS_WIFI_STATE" />
22-->[com.facebook.flipper:flipper:0.182.0] AndroidManifest.xml:16:5-76
22-->[com.facebook.flipper:flipper:0.182.0] AndroidManifest.xml:16:22-73
23    <uses-permission android:name="android.permission.ACCESS_NETWORK_STATE" />
23-->[:react-native-community_netinfo] AndroidManifest.xml:7:5-79
23-->[:react-native-community_netinfo] AndroidManifest.xml:7:22-76
24
25    <queries>
25-->[:react-native-image-crop-picker] AndroidManifest.xml:7:5-11:15
26        <intent>
26-->[:react-native-image-crop-picker] AndroidManifest.xml:8:9-10:18
27            <action android:name="android.media.action.IMAGE_CAPTURE" />
27-->[:react-native-image-crop-picker] AndroidManifest.xml:9:13-73
27-->[:react-native-image-crop-picker] AndroidManifest.xml:9:21-70
28        </intent>
29    </queries> <!-- Required by older versions of Google Play services to create IID tokens -->
30    <uses-permission android:name="com.google.android.c2dm.permission.RECEIVE" />
30-->[com.google.android.gms:play-services-iid:17.0.0] AndroidManifest.xml:23:5-82
30-->[com.google.android.gms:play-services-iid:17.0.0] AndroidManifest.xml:23:22-79
31    <uses-permission android:name="com.google.android.finsky.permission.BIND_GET_INSTALL_REFERRER_SERVICE" />
31-->[com.android.installreferrer:installreferrer:1.1.2] AndroidManifest.xml:9:5-110
31-->[com.android.installreferrer:installreferrer:1.1.2] AndroidManifest.xml:9:22-107
32
33    <application
33-->src/main/AndroidManifest.xml:14:5-48:19
34        android:name="com.giftregistryapp.MainApplication"
34-->src/main/AndroidManifest.xml:15:9-40
35        android:allowBackup="false"
35-->src/main/AndroidManifest.xml:16:9-36
36        android:appComponentFactory="androidx.core.app.CoreComponentFactory"
36-->[androidx.core:core:1.7.0] AndroidManifest.xml:24:18-86
37        android:debuggable="true"
38        android:icon="@mipmap/ic_launcher"
38-->src/main/AndroidManifest.xml:17:9-43
39        android:label="@string/app_name"
39-->src/main/AndroidManifest.xml:18:9-41
40        android:roundIcon="@mipmap/ic_launcher"
40-->src/main/AndroidManifest.xml:19:9-48
41        android:theme="@style/AppTheme"
41-->src/main/AndroidManifest.xml:20:9-40
42        android:usesCleartextTraffic="true" >
42-->src/debug/AndroidManifest.xml:8:9-44
43        <activity
43-->src/debug/AndroidManifest.xml:11:9-111
44            android:name="com.facebook.react.devsupport.DevSettingsActivity"
44-->src/debug/AndroidManifest.xml:11:19-83
45            android:exported="false" />
45-->src/debug/AndroidManifest.xml:11:84-108
46        <activity
46-->src/main/AndroidManifest.xml:22:9-33:20
47            android:name="com.giftregistryapp.SplashActivity"
47-->src/main/AndroidManifest.xml:23:13-43
48            android:exported="true"
48-->src/main/AndroidManifest.xml:24:13-36
49            android:label="@string/app_name"
49-->src/main/AndroidManifest.xml:25:13-45
50            android:screenOrientation="portrait"
50-->src/main/AndroidManifest.xml:26:13-49
51            android:theme="@style/SplashScreenTheme"
51-->src/main/AndroidManifest.xml:27:13-53
52            android:windowSoftInputMode="stateHidden" >
52-->src/main/AndroidManifest.xml:28:13-54
53            <intent-filter>
53-->src/main/AndroidManifest.xml:29:13-32:29
54                <action android:name="android.intent.action.MAIN" />
54-->src/main/AndroidManifest.xml:30:17-69
54-->src/main/AndroidManifest.xml:30:25-66
55
56                <category android:name="android.intent.category.LAUNCHER" />
56-->src/main/AndroidManifest.xml:31:17-77
56-->src/main/AndroidManifest.xml:31:27-74
57            </intent-filter>
58        </activity>
59        <activity
59-->src/main/AndroidManifest.xml:35:9-47:20
60            android:name="com.giftregistryapp.MainActivity"
60-->src/main/AndroidManifest.xml:36:13-41
61            android:configChanges="keyboard|keyboardHidden|orientation|screenLayout|screenSize|smallestScreenSize|uiMode"
61-->src/main/AndroidManifest.xml:37:13-122
62            android:exported="true"
62-->src/main/AndroidManifest.xml:38:13-36
63            android:label="@string/app_name"
63-->src/main/AndroidManifest.xml:39:13-45
64            android:launchMode="singleTask"
64-->src/main/AndroidManifest.xml:40:13-44
65            android:screenOrientation="portrait"
65-->src/main/AndroidManifest.xml:41:13-49
66            android:windowSoftInputMode="adjustResize" >
66-->src/main/AndroidManifest.xml:42:13-55
67            <intent-filter>
67-->src/main/AndroidManifest.xml:43:13-46:29
68                <action android:name="android.intent.action.MAIN" />
68-->src/main/AndroidManifest.xml:30:17-69
68-->src/main/AndroidManifest.xml:30:25-66
69
70                <category android:name="android.intent.category.DEFAULT" />
70-->src/main/AndroidManifest.xml:45:17-76
70-->src/main/AndroidManifest.xml:45:27-73
71            </intent-filter>
72        </activity>
73
74        <provider
74-->[:react-native-image-crop-picker] AndroidManifest.xml:16:9-24:20
75            android:name="com.reactnative.ivpusic.imagepicker.IvpusicImagePickerFileProvider"
75-->[:react-native-image-crop-picker] AndroidManifest.xml:17:13-94
76            android:authorities="com.giftregistryapp.provider"
76-->[:react-native-image-crop-picker] AndroidManifest.xml:18:13-60
77            android:exported="false"
77-->[:react-native-image-crop-picker] AndroidManifest.xml:19:13-37
78            android:grantUriPermissions="true" >
78-->[:react-native-image-crop-picker] AndroidManifest.xml:20:13-47
79            <meta-data
79-->[:react-native-image-crop-picker] AndroidManifest.xml:21:13-23:78
80                android:name="android.support.FILE_PROVIDER_PATHS"
80-->[:react-native-image-crop-picker] AndroidManifest.xml:22:17-67
81                android:resource="@xml/ivpusic_imagepicker_provider_paths" />
81-->[:react-native-image-crop-picker] AndroidManifest.xml:23:17-75
82        </provider>
83
84        <activity
84-->[:react-native-image-crop-picker] AndroidManifest.xml:26:9-28:72
85            android:name="com.yalantis.ucrop.UCropActivity"
85-->[:react-native-image-crop-picker] AndroidManifest.xml:27:13-60
86            android:theme="@style/Theme.AppCompat.Light.NoActionBar" />
86-->[:react-native-image-crop-picker] AndroidManifest.xml:28:13-69
87
88        <provider
88-->[:react-native-image-picker] AndroidManifest.xml:8:9-16:20
89            android:name="com.imagepicker.ImagePickerProvider"
89-->[:react-native-image-picker] AndroidManifest.xml:9:13-63
90            android:authorities="com.giftregistryapp.imagepickerprovider"
90-->[:react-native-image-picker] AndroidManifest.xml:10:13-71
91            android:exported="false"
91-->[:react-native-image-picker] AndroidManifest.xml:11:13-37
92            android:grantUriPermissions="true" >
92-->[:react-native-image-picker] AndroidManifest.xml:12:13-47
93            <meta-data
93-->[:react-native-image-crop-picker] AndroidManifest.xml:21:13-23:78
94                android:name="android.support.FILE_PROVIDER_PATHS"
94-->[:react-native-image-crop-picker] AndroidManifest.xml:22:17-67
95                android:resource="@xml/imagepicker_provider_paths" />
95-->[:react-native-image-crop-picker] AndroidManifest.xml:23:17-75
96        </provider>
97        <provider
97-->[:react-native-webview] AndroidManifest.xml:8:9-16:20
98            android:name="com.reactnativecommunity.webview.RNCWebViewFileProvider"
98-->[:react-native-webview] AndroidManifest.xml:9:13-83
99            android:authorities="com.giftregistryapp.fileprovider"
99-->[:react-native-webview] AndroidManifest.xml:10:13-64
100            android:exported="false"
100-->[:react-native-webview] AndroidManifest.xml:11:13-37
101            android:grantUriPermissions="true" >
101-->[:react-native-webview] AndroidManifest.xml:12:13-47
102            <meta-data
102-->[:react-native-image-crop-picker] AndroidManifest.xml:21:13-23:78
103                android:name="android.support.FILE_PROVIDER_PATHS"
103-->[:react-native-image-crop-picker] AndroidManifest.xml:22:17-67
104                android:resource="@xml/file_provider_paths" />
104-->[:react-native-image-crop-picker] AndroidManifest.xml:23:17-75
105        </provider>
106
107        <meta-data
107-->[com.facebook.soloader:soloader:0.10.5] AndroidManifest.xml:12:9-14:37
108            android:name="com.facebook.soloader.enabled"
108-->[com.facebook.soloader:soloader:0.10.5] AndroidManifest.xml:13:13-57
109            android:value="false" />
109-->[com.facebook.soloader:soloader:0.10.5] AndroidManifest.xml:14:13-34
110
111        <activity
111-->[com.google.android.gms:play-services-base:17.0.0] AndroidManifest.xml:23:9-26:75
112            android:name="com.google.android.gms.common.api.GoogleApiActivity"
112-->[com.google.android.gms:play-services-base:17.0.0] AndroidManifest.xml:24:13-79
113            android:exported="false"
113-->[com.google.android.gms:play-services-base:17.0.0] AndroidManifest.xml:25:13-37
114            android:theme="@android:style/Theme.Translucent.NoTitleBar" />
114-->[com.google.android.gms:play-services-base:17.0.0] AndroidManifest.xml:26:13-72
115
116        <meta-data
116-->[com.google.android.gms:play-services-basement:17.0.0] AndroidManifest.xml:23:9-25:69
117            android:name="com.google.android.gms.version"
117-->[com.google.android.gms:play-services-basement:17.0.0] AndroidManifest.xml:24:13-58
118            android:value="@integer/google_play_services_version" />
118-->[com.google.android.gms:play-services-basement:17.0.0] AndroidManifest.xml:25:13-66
119
120        <provider
120-->[androidx.emoji2:emoji2:1.0.0] AndroidManifest.xml:26:9-34:20
121            android:name="androidx.startup.InitializationProvider"
121-->[androidx.emoji2:emoji2:1.0.0] AndroidManifest.xml:27:13-67
122            android:authorities="com.giftregistryapp.androidx-startup"
122-->[androidx.emoji2:emoji2:1.0.0] AndroidManifest.xml:28:13-68
123            android:exported="false" >
123-->[androidx.emoji2:emoji2:1.0.0] AndroidManifest.xml:29:13-37
124            <meta-data
124-->[androidx.emoji2:emoji2:1.0.0] AndroidManifest.xml:31:13-33:52
125                android:name="androidx.emoji2.text.EmojiCompatInitializer"
125-->[androidx.emoji2:emoji2:1.0.0] AndroidManifest.xml:32:17-75
126                android:value="androidx.startup" />
126-->[androidx.emoji2:emoji2:1.0.0] AndroidManifest.xml:33:17-49
127            <meta-data
127-->[androidx.lifecycle:lifecycle-process:2.4.0] AndroidManifest.xml:31:13-33:52
128                android:name="androidx.lifecycle.ProcessLifecycleInitializer"
128-->[androidx.lifecycle:lifecycle-process:2.4.0] AndroidManifest.xml:32:17-78
129                android:value="androidx.startup" />
129-->[androidx.lifecycle:lifecycle-process:2.4.0] AndroidManifest.xml:33:17-49
130        </provider>
131    </application>
132
133</manifest>